<?xml version="1.0" encoding="UTF-8"?>
<!-- Generated by org.testng.reporters.JUnitXMLReporter -->
<testsuite ignored="0" hostname="LAPTOP-15PI43I1" failures="0" tests="4" name="Default test" time="6.36" errors="0" timestamp="2025-12-25T12:24:18 IST">
  <testcase classname="api.test.UserTest2" name="testPostUser" time="2.43"/>
  <testcase classname="api.test.UserTest2" name="testGetUserbyName" time="1.088"/>
  <testcase classname="api.test.UserTest2" name="testUpdateUser" time="1.064"/>
  <testcase classname="api.test.UserTest2" name="testDeleteUser" time="1.057"/>
</testsuite> <!-- Default test -->
