<?xml version="1.0" encoding="UTF-8"?>
<!-- Generated by org.testng.reporters.JUnitXMLReporter -->
<testsuite ignored="0" hostname="LAPTOP-15PI43I1" failures="1" tests="4" name="Test" time="7.51" errors="0" timestamp="2025-11-01T23:56:37 IST">
  <testcase classname="api.test.UserTest" name="testPostUser" time="2.791"/>
  <testcase classname="api.test.UserTest" name="testGetUserbyName" time="1.429">
    <failure type="java.lang.AssertionError" message="expected [200] but found [404]">
      <![CDATA[java.lang.AssertionError: expected [200] but found [404]
at api.test.UserTest.testGetUserbyName(UserTest.java:50)
at java.base/java.util.ArrayList.forEach(ArrayList.java:1597)
... Removed 32 stack frames]]>
    </failure>
  </testcase> <!-- testGetUserbyName -->
  <testcase classname="api.test.UserTest" name="testUpdateUser" time="1.329"/>
  <testcase classname="api.test.UserTest" name="testDeleteUser" time="1.315"/>
</testsuite> <!-- Test -->
