<?xml version="1.0" encoding="UTF-8"?>
<!-- Generated by org.testng.reporters.JUnitXMLReporter -->
<testsuite ignored="0" hostname="LAPTOP-15PI43I1" failures="0" tests="4" name="Test" time="11.01" errors="0" timestamp="2025-11-02T10:47:30 IST">
  <testcase classname="api.test.UserTest" name="testPostUser" time="4.469"/>
  <testcase classname="api.test.UserTest" name="testGetUserbyName" time="1.691"/>
  <testcase classname="api.test.UserTest" name="testUpdateUser" time="1.899"/>
  <testcase classname="api.test.UserTest" name="testDeleteUser" time="1.769"/>
</testsuite> <!-- Test -->
