<?xml version="1.0" encoding="UTF-8"?>
<testng-results ignored="0" total="4" passed="4" failed="0" skipped="0">
  <reporter-output>
  </reporter-output>
  <suite started-at="2025-11-02T10:47:18 IST" name="Suite" finished-at="2025-11-02T10:47:29 IST" duration-ms="11010">
    <groups>
    </groups>
    <test started-at="2025-11-02T10:47:18 IST" name="Test" finished-at="2025-11-02T10:47:29 IST" duration-ms="11010">
      <class name="api.test.UserTest">
        <test-method is-config="true" signature="setData()[pri:0, instance:api.test.UserTest@31304f14]" started-at="2025-11-02T10:47:18 IST" name="setData" finished-at="2025-11-02T10:47:19 IST" duration-ms="830" status="PASS">
          <reporter-output>
          </reporter-output>
        </test-method> <!-- setData -->
        <test-method signature="testPostUser()[pri:1, instance:api.test.UserTest@31304f14]" started-at="2025-11-02T10:47:19 IST" name="testPostUser" finished-at="2025-11-02T10:47:24 IST" duration-ms="4469" status="PASS">
          <reporter-output>
          </reporter-output>
        </test-method> <!-- testPostUser -->
        <test-method signature="testGetUserbyName()[pri:2, instance:api.test.UserTest@31304f14]" started-at="2025-11-02T10:47:24 IST" name="testGetUserbyName" finished-at="2025-11-02T10:47:25 IST" duration-ms="1691" status="PASS">
          <reporter-output>
          </reporter-output>
        </test-method> <!-- testGetUserbyName -->
        <test-method signature="testUpdateUser()[pri:3, instance:api.test.UserTest@31304f14]" started-at="2025-11-02T10:47:25 IST" name="testUpdateUser" finished-at="2025-11-02T10:47:27 IST" duration-ms="1899" status="PASS">
          <reporter-output>
          </reporter-output>
        </test-method> <!-- testUpdateUser -->
        <test-method signature="testDeleteUser()[pri:4, instance:api.test.UserTest@31304f14]" started-at="2025-11-02T10:47:27 IST" name="testDeleteUser" finished-at="2025-11-02T10:47:29 IST" duration-ms="1769" status="PASS">
          <reporter-output>
          </reporter-output>
        </test-method> <!-- testDeleteUser -->
      </class> <!-- api.test.UserTest -->
    </test> <!-- Test -->
  </suite> <!-- Suite -->
</testng-results>
