<?xml version="1.0" encoding="UTF-8"?>
<testng-results ignored="0" total="4" passed="4" failed="0" skipped="0">
  <reporter-output>
  </reporter-output>
  <suite started-at="2025-12-25T12:24:12 IST" name="Default suite" finished-at="2025-12-25T12:24:18 IST" duration-ms="6360">
    <groups>
    </groups>
    <test started-at="2025-12-25T12:24:12 IST" name="Default test" finished-at="2025-12-25T12:24:18 IST" duration-ms="6360">
      <class name="api.test.UserTest2">
        <test-method is-config="true" signature="setData()[pri:0, instance:api.test.UserTest2@752325ad]" started-at="2025-12-25T12:24:12 IST" name="setData" finished-at="2025-12-25T12:24:12 IST" duration-ms="682" status="PASS">
          <reporter-output>
          </reporter-output>
        </test-method> <!-- setData -->
        <test-method signature="testPostUser()[pri:1, instance:api.test.UserTest2@752325ad]" started-at="2025-12-25T12:24:12 IST" name="testPostUser" finished-at="2025-12-25T12:24:15 IST" duration-ms="2430" status="PASS">
          <reporter-output>
          </reporter-output>
        </test-method> <!-- testPostUser -->
        <test-method signature="testGetUserbyName()[pri:2, instance:api.test.UserTest2@752325ad]" started-at="2025-12-25T12:24:15 IST" name="testGetUserbyName" finished-at="2025-12-25T12:24:16 IST" duration-ms="1088" status="PASS">
          <reporter-output>
          </reporter-output>
        </test-method> <!-- testGetUserbyName -->
        <test-method signature="testUpdateUser()[pri:3, instance:api.test.UserTest2@752325ad]" started-at="2025-12-25T12:24:16 IST" name="testUpdateUser" finished-at="2025-12-25T12:24:17 IST" duration-ms="1064" status="PASS">
          <reporter-output>
          </reporter-output>
        </test-method> <!-- testUpdateUser -->
        <test-method signature="testDeleteUser()[pri:4, instance:api.test.UserTest2@752325ad]" started-at="2025-12-25T12:24:17 IST" name="testDeleteUser" finished-at="2025-12-25T12:24:18 IST" duration-ms="1057" status="PASS">
          <reporter-output>
          </reporter-output>
        </test-method> <!-- testDeleteUser -->
      </class> <!-- api.test.UserTest2 -->
    </test> <!-- Default test -->
  </suite> <!-- Default suite -->
</testng-results>
