<?xml version="1.0" encoding="UTF-8"?>
<!-- Generated by org.testng.reporters.JUnitReportReporter -->
<testsuite hostname="LAPTOP-15PI43I1" failures="0" tests="4" name="api.test.UserTest" time="5.641" errors="0" timestamp="2025-12-25T12:24:01 IST" skipped="0">
  <testcase classname="api.test.UserTest" name="testPostUser" time="2.366"/>
  <testcase classname="api.test.UserTest" name="testGetUserbyName" time="1.113"/>
  <testcase classname="api.test.UserTest" name="testUpdateUser" time="1.148"/>
  <testcase classname="api.test.UserTest" name="testDeleteUser" time="1.014"/>
</testsuite> <!-- api.test.UserTest -->
