<?xml version="1.0" encoding="UTF-8"?>
<!-- Generated by org.testng.reporters.JUnitReportReporter -->
<testsuite hostname="LAPTOP-15PI43I1" failures="0" tests="10" name="api.test.DDTest" time="11.975" errors="0" timestamp="2025-12-25T12:23:21 IST" skipped="0">
  <testcase classname="api.test.DDTest" name="testPostUser" time="1.056"/>
  <testcase classname="api.test.DDTest" name="testPostUser" time="2.412"/>
  <testcase classname="api.test.DDTest" name="testPostUser" time="1.052"/>
  <testcase classname="api.test.DDTest" name="testPostUser" time="1.043"/>
  <testcase classname="api.test.DDTest" name="testPostUser" time="1.032"/>
  <testcase classname="api.test.DDTest" name="testDeleteUser" time="1.054"/>
  <testcase classname="api.test.DDTest" name="testDeleteUser" time="1.052"/>
  <testcase classname="api.test.DDTest" name="testDeleteUser" time="1.101"/>
  <testcase classname="api.test.DDTest" name="testDeleteUser" time="1.054"/>
  <testcase classname="api.test.DDTest" name="testDeleteUser" time="1.119"/>
</testsuite> <!-- api.test.DDTest -->
